<?xml version="1.0" encoding="UTF-8"?>
<!-- Generated by org.testng.reporters.JUnitXMLReporter -->
<testsuite ignored="0" hostname="DESKTOP-SAS94KC" failures="0" tests="5" name="Default test" time="16.413" errors="0" timestamp="2024-11-06T12:47:14 IST">
  <testcase classname="com.Module1.Login.LoginTest" name="loginTest" time="4.712"/>
  <testcase classname="com.Module1.Login.LoginTest" name="loginTest" time="1.806"/>
  <testcase classname="com.Module1.Login.LoginTest" name="loginTest" time="1.893"/>
  <testcase classname="com.Module1.Login.LoginTest" name="loginTest" time="0.249"/>
  <testcase classname="com.Module1.Login.LoginTest" name="loginTest" time="1.412"/>
</testsuite> <!-- Default test -->
